<?xml version="1.0" encoding="UTF-8"?>
<testsuites name="Booking Appointment" time="12.668" tests="1" failures="0" errors="0">
   <testsuite name="Booking Appointment" tests="1" failures="0" errors="0" time="12.668" skipped="0" timestamp="2023-04-03 13:29:18" hostname="kngotuan - VIETNAM-5034.corp.hds.com" id="Test Suites/Booking Appointment">
      <properties>
         <property name="deviceName" value=""/>
         <property name="devicePlatform" value=""/>
         <property name="logFolder" value="D:\\Users\\kngotuan\\Documents\\practice-katalon-demo\\Reports\\20230403_132909\\Booking Appointment\\20230403_132915"/>
         <property name="logFiles" value="D:\\Users\\kngotuan\\Documents\\practice-katalon-demo\\Reports\\20230403_132909\\Booking Appointment\\20230403_132915\\execution0.log"/>
         <property name="attachments" value=""/>
         <property name="hostName" value="kngotuan - VIETNAM-5034.corp.hds.com"/>
         <property name="os" value="Windows 10 64bit"/>
         <property name="katalonVersion" value="8.6.0.208"/>
         <property name="browser" value="Chrome 111.0.0.0"/>
         <property name="hostAddress" value="192.168.101.52"/>
         <property name="sessionId" value="94e3a64fe1de680bd82b4382ed8776b2"/>
         <property name="seleniumVersion" value="3.141.59"/>
         <property name="proxyInformation" value="ProxyInformation { proxyOption=NO_PROXY, proxyServerType=HTTP, username=, password=********, proxyServerAddress=, proxyServerPort=0, executionList=&quot;&quot;, isApplyToDesiredCapabilities=true }"/>
         <property name="platform" value="Windows 10"/>
      </properties>
      <testcase name="Test Cases/Booking/TC_4_Check Facility Data" time="12.437" classname="Test Cases/Booking/TC_4_Check Facility Data" status="PASSED">
         <system-out><![CDATA[2023-04-03 13:29:18 - [TEST_CASE][PASSED] - Test Cases/Booking/TC_4_Check Facility Data: Test Cases/Booking/TC_4_Check Facility Data

2023-04-03 13:29:18 - [TEST_STEP][PASSED] - Start listener action : sampleBeforeTestCase: null

2023-04-03 13:29:18 - [TEST_STEP][PASSED] - println(testCaseContext.getTestCaseId()): null

2023-04-03 13:29:18 - [TEST_STEP][PASSED] - println(testCaseContext.getTestCaseVariables()): null

2023-04-03 13:29:18 - [TEST_STEP][PASSED] - Start listener action : sampleBeforeTestCase: Browser is opened with url: 'https://katalon-demo-cura.herokuapp.com/'

2023-04-03 13:29:18 - [TEST_STEP][PASSED] - println(testCaseContext.getTestCaseId()): null

2023-04-03 13:29:18 - [TEST_STEP][PASSED] - openBrowser(gURL): Browser is opened with url: 'https://katalon-demo-cura.herokuapp.com/'

2023-04-03 13:29:18 - [MESSAGE][INFO] - Starting 'Chrome' driver

2023-04-03 13:29:18 - [MESSAGE][INFO] - Action delay is set to 0 milliseconds

2023-04-03 13:29:25 - [MESSAGE][PASSED] - Browser is opened with url: 'https://katalon-demo-cura.herokuapp.com/'

2023-04-03 13:29:25 - [TEST_STEP][PASSED] - sTokyo = "Tokyo CURA Healthcare Center": null

2023-04-03 13:29:25 - [TEST_STEP][PASSED] - sHongkong = "Hongkong CURA Healthcare Center": null

2023-04-03 13:29:25 - [TEST_STEP][PASSED] - sSeoul = "Seoul CURA Healthcare Center": null

2023-04-03 13:29:25 - [TEST_STEP][PASSED] - callTestCase(findTestCase("Login/TC_1_Sign In Successfully"), [:], STOP_ON_FAILURE): Call Test Case 'Test Cases/Login/TC_1_Sign In Successfully' successfully

2023-04-03 13:29:25 - [TEST_CASE][PASSED] - Test Cases/Login/TC_1_Sign In Successfully: Test Cases/Login/TC_1_Sign In Successfully

2023-04-03 13:29:25 - [TEST_STEP][PASSED] - click(findTestObject("Object Repository/Page_CURA Healthcare Service Login/btnMakeAppointment")): Object: 'Object Repository/Page_CURA Healthcare Service Login/btnMakeAppointment' is clicked on

2023-04-03 13:29:26 - [MESSAGE][PASSED] - Object: 'Object Repository/Page_CURA Healthcare Service Login/btnMakeAppointment' is clicked on

2023-04-03 13:29:26 - [TEST_STEP][PASSED] - setText(findTestObject("Object Repository/Page_CURA Healthcare Service Login/txfUsername"), gUserName): Text 'John Doe' is set on object 'Object Repository/Page_CURA Healthcare Service Login/txfUsername'

2023-04-03 13:29:27 - [MESSAGE][PASSED] - Text 'John Doe' is set on object 'Object Repository/Page_CURA Healthcare Service Login/txfUsername'

2023-04-03 13:29:27 - [TEST_STEP][PASSED] - setText(findTestObject("Object Repository/Page_CURA Healthcare Service Login/txfPassword"), gPassword): Text 'ThisIsNotAPassword' is set on object 'Object Repository/Page_CURA Healthcare Service Login/txfPassword'

2023-04-03 13:29:27 - [MESSAGE][PASSED] - Text 'ThisIsNotAPassword' is set on object 'Object Repository/Page_CURA Healthcare Service Login/txfPassword'

2023-04-03 13:29:27 - [TEST_STEP][PASSED] - click(findTestObject("Object Repository/Page_CURA Healthcare Service Login/btnLogin")): Object: 'Object Repository/Page_CURA Healthcare Service Login/btnLogin' is clicked on

2023-04-03 13:29:28 - [MESSAGE][PASSED] - Object: 'Object Repository/Page_CURA Healthcare Service Login/btnLogin' is clicked on

2023-04-03 13:29:28 - [TEST_STEP][PASSED] - verifyElementPresent(findTestObject("Object Repository/Page_CURA Healthcare Service Login/lblMakeAppointment"), 30): Object 'Object Repository/Page_CURA Healthcare Service Login/lblMakeAppointment' is present

2023-04-03 13:29:28 - [MESSAGE][PASSED] - Object 'Object Repository/Page_CURA Healthcare Service Login/lblMakeAppointment' is present

2023-04-03 13:29:28 - [MESSAGE][PASSED] - Call Test Case 'Test Cases/Login/TC_1_Sign In Successfully' successfully

2023-04-03 13:29:28 - [TEST_STEP][PASSED] - click(findTestObject("Object Repository/Page_CURA Healthcare Service_Book Appointment/dboFacility")): Object: 'Object Repository/Page_CURA Healthcare Service_Book Appointment/dboFacility' is clicked on

2023-04-03 13:29:29 - [MESSAGE][PASSED] - Object: 'Object Repository/Page_CURA Healthcare Service_Book Appointment/dboFacility' is clicked on

2023-04-03 13:29:29 - [TEST_STEP][PASSED] - verifyOptionsPresent(findTestObject("Object Repository/Page_CURA Healthcare Service_Book Appointment/dboFacility"), [sTokyo, sHongkong, sSeoul]): Options [Tokyo CURA Healthcare Center, Hongkong CURA Healthcare Center, Seoul CURA Healthcare Center] present.

2023-04-03 13:29:29 - [MESSAGE][PASSED] - Options [Tokyo CURA Healthcare Center, Hongkong CURA Healthcare Center, Seoul CURA Healthcare Center] present.

2023-04-03 13:29:30 - [TEST_STEP][PASSED] - Start listener action : sampleAfterTestCase: null

2023-04-03 13:29:30 - [TEST_STEP][PASSED] - println(testCaseContext.getTestCaseId()): null

2023-04-03 13:29:30 - [TEST_STEP][PASSED] - println(testCaseContext.getTestCaseStatus()): null

2023-04-03 13:29:30 - [TEST_STEP][PASSED] - Start listener action : sampleAfterTestCase: Browser is closed

2023-04-03 13:29:30 - [TEST_STEP][PASSED] - closeBrowser(): Browser is closed

2023-04-03 13:29:30 - [MESSAGE][PASSED] - Browser is closed]]></system-out>
         <system-err><![CDATA[]]></system-err>
      </testcase>
      <system-out><![CDATA[2023-04-03 13:29:18 - [TEST_SUITE][PASSED] - Booking Appointment: Test Cases/Booking/TC_4_Check Facility Data]]></system-out>
      <system-err><![CDATA[]]></system-err>
   </testsuite>
</testsuites>
