<?xml version="1.0" encoding="UTF-8"?>
<testsuites name="Login" time="21.031" tests="1" failures="0" errors="0">
   <testsuite name="Login" tests="1" failures="0" errors="0" time="21.031" skipped="0" timestamp="2023-04-03 14:28:51" hostname="kngotuan - VIETNAM-5034.corp.hds.com" id="Test Suites/Login">
      <properties>
         <property name="deviceName" value=""/>
         <property name="devicePlatform" value=""/>
         <property name="logFolder" value="D:\\Users\\kngotuan\\Documents\\practice-katalon-demo\\Reports\\20230403_142529\\Login\\20230403_142848"/>
         <property name="logFiles" value="D:\\Users\\kngotuan\\Documents\\practice-katalon-demo\\Reports\\20230403_142529\\Login\\20230403_142848\\execution0.log"/>
         <property name="attachments" value=""/>
         <property name="hostName" value="kngotuan - VIETNAM-5034.corp.hds.com"/>
         <property name="os" value="Windows 10 64bit"/>
         <property name="katalonVersion" value="8.6.0.208"/>
         <property name="browser" value="Chrome 111.0.0.0"/>
         <property name="hostAddress" value="192.168.101.52"/>
         <property name="sessionId" value="7f2fa14ec25475e0095ced8158038fe0"/>
         <property name="seleniumVersion" value="3.141.59"/>
         <property name="proxyInformation" value="ProxyInformation { proxyOption=NO_PROXY, proxyServerType=HTTP, username=, password=********, proxyServerAddress=, proxyServerPort=0, executionList=&quot;&quot;, isApplyToDesiredCapabilities=true }"/>
         <property name="platform" value="Windows 10"/>
      </properties>
      <testcase name="Test Cases/Login/TC_1_Sign In Successfully" time="20.748" classname="Test Cases/Login/TC_1_Sign In Successfully" status="PASSED">
         <system-out><![CDATA[2023-04-03 14:28:51 - [TEST_CASE][PASSED] - Test Cases/Login/TC_1_Sign In Successfully: Test Cases/Login/TC_1_Sign In Successfully

2023-04-03 14:28:51 - [TEST_STEP][PASSED] - Start listener action : sampleBeforeTestCase: null

2023-04-03 14:28:51 - [TEST_STEP][PASSED] - println(testCaseContext.getTestCaseId()): null

2023-04-03 14:28:51 - [TEST_STEP][PASSED] - println(testCaseContext.getTestCaseVariables()): null

2023-04-03 14:28:51 - [TEST_STEP][PASSED] - Start listener action : sampleBeforeTestCase: Browser is opened with url: 'https://katalon-demo-cura.herokuapp.com/'

2023-04-03 14:28:51 - [TEST_STEP][PASSED] - println(testCaseContext.getTestCaseId()): null

2023-04-03 14:28:51 - [TEST_STEP][PASSED] - openBrowser(gURL): Browser is opened with url: 'https://katalon-demo-cura.herokuapp.com/'

2023-04-03 14:28:51 - [MESSAGE][INFO] - Starting 'Chrome' driver

2023-04-03 14:28:52 - [MESSAGE][INFO] - Action delay is set to 0 milliseconds

2023-04-03 14:28:58 - [MESSAGE][PASSED] - Browser is opened with url: 'https://katalon-demo-cura.herokuapp.com/'

2023-04-03 14:28:58 - [TEST_STEP][PASSED] - click(findTestObject("Object Repository/Page_CURA Healthcare Service Login/btnMakeAppointment")): Object: 'Object Repository/Page_CURA Healthcare Service Login/btnMakeAppointment' is clicked on

2023-04-03 14:29:00 - [MESSAGE][PASSED] - Object: 'Object Repository/Page_CURA Healthcare Service Login/btnMakeAppointment' is clicked on

2023-04-03 14:29:00 - [TEST_STEP][PASSED] - setText(findTestObject("Object Repository/Page_CURA Healthcare Service Login/txfUsername"), gUserName): Text 'John Doe' is set on object 'Object Repository/Page_CURA Healthcare Service Login/txfUsername'

2023-04-03 14:29:03 - [MESSAGE][PASSED] - Text 'John Doe' is set on object 'Object Repository/Page_CURA Healthcare Service Login/txfUsername'

2023-04-03 14:29:03 - [TEST_STEP][PASSED] - setText(findTestObject("Object Repository/Page_CURA Healthcare Service Login/txfPassword"), gPassword): Text 'ThisIsNotAPassword' is set on object 'Object Repository/Page_CURA Healthcare Service Login/txfPassword'

2023-04-03 14:29:07 - [MESSAGE][PASSED] - Text 'ThisIsNotAPassword' is set on object 'Object Repository/Page_CURA Healthcare Service Login/txfPassword'

2023-04-03 14:29:07 - [TEST_STEP][PASSED] - click(findTestObject("Object Repository/Page_CURA Healthcare Service Login/btnLogin")): Object: 'Object Repository/Page_CURA Healthcare Service Login/btnLogin' is clicked on

2023-04-03 14:29:10 - [MESSAGE][PASSED] - Object: 'Object Repository/Page_CURA Healthcare Service Login/btnLogin' is clicked on

2023-04-03 14:29:10 - [TEST_STEP][PASSED] - verifyElementPresent(findTestObject("Object Repository/Page_CURA Healthcare Service Login/lblMakeAppointment"), 30): Object 'Object Repository/Page_CURA Healthcare Service Login/lblMakeAppointment' is present

2023-04-03 14:29:11 - [MESSAGE][PASSED] - Object 'Object Repository/Page_CURA Healthcare Service Login/lblMakeAppointment' is present

2023-04-03 14:29:11 - [TEST_STEP][PASSED] - Start listener action : sampleAfterTestCase: null

2023-04-03 14:29:11 - [TEST_STEP][PASSED] - println(testCaseContext.getTestCaseId()): null

2023-04-03 14:29:11 - [TEST_STEP][PASSED] - println(testCaseContext.getTestCaseStatus()): null

2023-04-03 14:29:11 - [TEST_STEP][PASSED] - Start listener action : sampleAfterTestCase: Browser is closed

2023-04-03 14:29:11 - [TEST_STEP][PASSED] - closeBrowser(): Browser is closed

2023-04-03 14:29:12 - [MESSAGE][PASSED] - Browser is closed]]></system-out>
         <system-err><![CDATA[]]></system-err>
      </testcase>
      <system-out><![CDATA[2023-04-03 14:28:51 - [TEST_SUITE][PASSED] - Login: Test Cases/Login/TC_1_Sign In Successfully]]></system-out>
      <system-err><![CDATA[]]></system-err>
   </testsuite>
</testsuites>
